<?xml version="1.0" encoding="UTF-8"?>
<!-- Generated by org.testng.reporters.JUnitReportReporter -->
<testsuite skipped="0" hostname="LAPTOP-20464U94" name="com.testsuite_datadriven.TestCase_DataDriventTesting" tests="2" failures="0" timestamp="29 Feb 2020 02:59:15 GMT" time="0.032" errors="0">
  <testcase name="Logintest" time="0.032" classname="com.testsuite_datadriven.TestCase_DataDriventTesting"/>
  <testcase name="Logintest" time="0.000" classname="com.testsuite_datadriven.TestCase_DataDriventTesting"/>
</testsuite> <!-- com.testsuite_datadriven.TestCase_DataDriventTesting -->
